0 info it worked if it ends with ok
1 verbose cli [ '/usr/local/bin/node', '/usr/local/bin/npm', 'publish' ]
2 info using npm@4.1.2
3 info using node@v6.9.4
4 verbose publish [ '.' ]
5 silly cache add args [ '.', null ]
6 verbose cache add spec .
7 silly cache add parsed spec Result {
7 silly cache add   raw: '.',
7 silly cache add   scope: null,
7 silly cache add   escapedName: null,
7 silly cache add   name: null,
7 silly cache add   rawSpec: '.',
7 silly cache add   spec: '/Users/antony999k/Documents/Proyectos_Web/Assets/SuperResete.css',
7 silly cache add   type: 'directory' }
8 verbose addLocalDirectory /Users/antony999k/.npm/super-resete-css/1.0.0/package.tgz not in flight; packing
9 verbose correctMkdir /Users/antony999k/.npm correctMkdir not in flight; initializing
10 info lifecycle super-resete-css@1.0.0~prepublish: super-resete-css@1.0.0
11 silly lifecycle super-resete-css@1.0.0~prepublish: no script for prepublish, continuing
12 info lifecycle super-resete-css@1.0.0~prepare: super-resete-css@1.0.0
13 silly lifecycle super-resete-css@1.0.0~prepare: no script for prepare, continuing
14 verbose tar pack [ '/Users/antony999k/.npm/super-resete-css/1.0.0/package.tgz',
14 verbose tar pack   '/Users/antony999k/Documents/Proyectos_Web/Assets/SuperResete.css' ]
15 verbose tarball /Users/antony999k/.npm/super-resete-css/1.0.0/package.tgz
16 verbose folder /Users/antony999k/Documents/Proyectos_Web/Assets/SuperResete.css
17 verbose addLocalTarball adding from inside cache /Users/antony999k/.npm/super-resete-css/1.0.0/package.tgz
18 verbose correctMkdir /Users/antony999k/.npm correctMkdir not in flight; initializing
19 silly cache afterAdd super-resete-css@1.0.0
20 verbose afterAdd /Users/antony999k/.npm/super-resete-css/1.0.0/package/package.json not in flight; writing
21 verbose correctMkdir /Users/antony999k/.npm correctMkdir not in flight; initializing
22 verbose afterAdd /Users/antony999k/.npm/super-resete-css/1.0.0/package/package.json written
23 silly publish { name: 'super-resete-css',
23 silly publish   version: '1.0.0',
23 silly publish   description: 'SuperResete.css removes and normalize the annoying css elements in all browsers',
23 silly publish   main: 'superResete.css',
23 silly publish   scripts: { test: 'stylelint superResete.css' },
23 silly publish   files: [ 'LICENSE.md', 'superResete.css' ],
23 silly publish   repository:
23 silly publish    { type: 'git',
23 silly publish      url: 'git+https://github.com/antony999k/SuperResete.css.git' },
23 silly publish   author: { name: 'antony999k' },
23 silly publish   license: 'MIT',
23 silly publish   bugs: { url: 'https://github.com/antony999k/SuperResete.css/issues' },
23 silly publish   homepage: 'https://github.com/antony999k/SuperResete.css#readme',
23 silly publish   readme: '# SuperResete.css\nSuperResete.css removes the initial css elements in all browsers\n',
23 silly publish   readmeFilename: 'README.md',
23 silly publish   gitHead: 'b9e39172753fcacd332b5f7286cfc8cb43636b19',
23 silly publish   _id: 'super-resete-css@1.0.0',
23 silly publish   _shasum: '15517e799c7e176901fcab0dd23061eb9b6f637d',
23 silly publish   _from: '.' }
24 info lifecycle super-resete-css@1.0.0~prepublishOnly: super-resete-css@1.0.0
25 silly lifecycle super-resete-css@1.0.0~prepublishOnly: no script for prepublishOnly, continuing
26 verbose getPublishConfig undefined
27 silly mapToRegistry name super-resete-css
28 silly mapToRegistry using default registry
29 silly mapToRegistry registry https://registry.npmjs.org/
30 silly mapToRegistry data Result {
30 silly mapToRegistry   raw: 'super-resete-css',
30 silly mapToRegistry   scope: null,
30 silly mapToRegistry   escapedName: 'super-resete-css',
30 silly mapToRegistry   name: 'super-resete-css',
30 silly mapToRegistry   rawSpec: '',
30 silly mapToRegistry   spec: 'latest',
30 silly mapToRegistry   type: 'tag' }
31 silly mapToRegistry uri https://registry.npmjs.org/super-resete-css
32 verbose publish registryBase https://registry.npmjs.org/
33 silly publish uploading /Users/antony999k/.npm/super-resete-css/1.0.0/package.tgz
34 verbose request uri https://registry.npmjs.org/super-resete-css
35 verbose request sending authorization for write operation
36 info attempt registry request try #1 at 4:44:43 AM
37 verbose request using bearer token for auth
38 verbose request id e669a3ae3f7318aa
39 http request PUT https://registry.npmjs.org/super-resete-css
40 http 403 https://registry.npmjs.org/super-resete-css
41 verbose headers { 'content-type': 'application/json',
41 verbose headers   'cache-control': 'max-age=300',
41 verbose headers   'content-length': '104',
41 verbose headers   'accept-ranges': 'bytes',
41 verbose headers   date: 'Mon, 31 Jul 2017 09:44:45 GMT',
41 verbose headers   via: '1.1 varnish',
41 verbose headers   connection: 'keep-alive',
41 verbose headers   'x-served-by': 'cache-dfw1847-DFW',
41 verbose headers   'x-cache': 'MISS',
41 verbose headers   'x-cache-hits': '0',
41 verbose headers   'x-timer': 'S1501494284.287748,VS0,VE838',
41 verbose headers   vary: 'Accept-Encoding, Accept' }
42 verbose request invalidating /Users/antony999k/.npm/registry.npmjs.org/super-resete-css on PUT
43 error publish Failed PUT 403
44 verbose stack Error: you must verify your email before publishing a new package: https://www.npmjs.com/email-edit : super-resete-css
44 verbose stack     at makeError (/usr/local/lib/node_modules/npm/node_modules/npm-registry-client/lib/request.js:304:12)
44 verbose stack     at CachingRegistryClient.<anonymous> (/usr/local/lib/node_modules/npm/node_modules/npm-registry-client/lib/request.js:292:14)
44 verbose stack     at Request._callback (/usr/local/lib/node_modules/npm/node_modules/npm-registry-client/lib/request.js:212:14)
44 verbose stack     at Request.self.callback (/usr/local/lib/node_modules/npm/node_modules/request/request.js:186:22)
44 verbose stack     at emitTwo (events.js:106:13)
44 verbose stack     at Request.emit (events.js:191:7)
44 verbose stack     at Request.<anonymous> (/usr/local/lib/node_modules/npm/node_modules/request/request.js:1081:10)
44 verbose stack     at emitOne (events.js:96:13)
44 verbose stack     at Request.emit (events.js:188:7)
44 verbose stack     at IncomingMessage.<anonymous> (/usr/local/lib/node_modules/npm/node_modules/request/request.js:1001:12)
45 verbose statusCode 403
46 verbose pkgid super-resete-css
47 verbose cwd /Users/antony999k/Documents/Proyectos_Web/Assets/SuperResete.css
48 error Darwin 16.6.0
49 error argv "/usr/local/bin/node" "/usr/local/bin/npm" "publish"
50 error node v6.9.4
51 error npm  v4.1.2
52 error code E403
53 error you must verify your email before publishing a new package: https://www.npmjs.com/email-edit : super-resete-css
54 error If you need help, you may report this error at:
54 error     <https://github.com/npm/npm/issues>
55 verbose exit [ 1, true ]
